c:\users\derp\documents\visual studio 2013\projects\webdl\webdl\release\vc120.pdb
c:\users\derp\documents\visual studio 2013\projects\webdl\webdl\release\myform.obj
c:\users\derp\documents\visual studio 2013\projects\webdl\release\webdl.exe
c:\users\derp\documents\visual studio 2013\projects\webdl\release\webdl.pdb
c:\users\derp\documents\visual studio 2013\projects\webdl\webdl\release\resource.res
c:\users\derp\documents\visual studio 2013\projects\webdl\webdl\release\webdl.myform.resources
c:\users\derp\documents\visual studio 2013\projects\webdl\webdl\release\webdl.vcxproj.generateresource.cache
c:\users\derp\documents\visual studio 2013\projects\webdl\webdl\release\webdl.tlog\cl.command.1.tlog
c:\users\derp\documents\visual studio 2013\projects\webdl\webdl\release\webdl.tlog\cl.read.1.tlog
c:\users\derp\documents\visual studio 2013\projects\webdl\webdl\release\webdl.tlog\cl.write.1.tlog
c:\users\derp\documents\visual studio 2013\projects\webdl\webdl\release\webdl.tlog\link.command.1.tlog
c:\users\derp\documents\visual studio 2013\projects\webdl\webdl\release\webdl.tlog\link.read.1.tlog
c:\users\derp\documents\visual studio 2013\projects\webdl\webdl\release\webdl.tlog\link.write.1.tlog
c:\users\derp\documents\visual studio 2013\projects\webdl\webdl\release\webdl.tlog\metagen.read.1.tlog
c:\users\derp\documents\visual studio 2013\projects\webdl\webdl\release\webdl.tlog\metagen.write.1.tlog
c:\users\derp\documents\visual studio 2013\projects\webdl\webdl\release\webdl.tlog\rc.command.1.tlog
c:\users\derp\documents\visual studio 2013\projects\webdl\webdl\release\webdl.tlog\rc.read.1.tlog
c:\users\derp\documents\visual studio 2013\projects\webdl\webdl\release\webdl.tlog\rc.write.1.tlog
c:\users\derp\documents\visual studio 2013\projects\webdl\webdl\release\webdl.tlog\webdl.write.1u.tlog
c:\users\derp\documents\visual studio 2013\projects\webdl\webdl\release\webdl.tlog\tzres.dll.bi
